<?xml version="1.0" encoding="UTF-8" ?>
<testsuite errors="1" failures="0" hostname="symbioun-desktop" name="FirstyJUnitTest" tests="1" time="0.119" timestamp="2009-06-15T13:26:02">
  <properties>
[...]
</properties>
  <testcase classname="FirstyJUnitTest" name="initializationError" time="0.01">
    <error message="No runnable methods" type="java.lang.Exception">java.lang.Exception: No runnable methods
	at java.lang.reflect.Constructor.newInstance(Constructor.java:513)
</error>
  </testcase>
  <system-out><![CDATA[]]></system-out>
  <system-err><![CDATA[]]></system-err>
</testsuite>
